<?xml version="1.0" encoding="UTF-8"?>
<!-- Generated by org.testng.reporters.JUnitReportReporter -->
<testsuite hostname="CDC2-D-DPHR6T2" name="testngpac.TEST4" tests="1" failures="0" timestamp="6 Jun 2019 09:50:15 GMT" time="0.009" errors="0">
  <testcase name="enter" time="0.009" classname="testngpac.TEST4"/>
</testsuite> <!-- testngpac.TEST4 -->
