<?xml version="1.0" encoding="UTF-8"?>
<!-- Generated by org.testng.reporters.JUnitReportReporter -->
<testsuite hostname="CDC2-D-DPHR6T2" name="testngpac.test2" tests="2" failures="0" timestamp="6 Jun 2019 09:50:15 GMT" time="0.006" errors="0">
  <testcase name="f" time="0.005" classname="testngpac.test2"/>
  <testcase name="f" time="0.001" classname="testngpac.test2"/>
</testsuite> <!-- testngpac.test2 -->
