<?xml version="1.0" encoding="UTF-8"?>
<!-- Generated by org.testng.reporters.JUnitReportReporter -->
<testsuite hostname="CDC2-D-DPHR6T2" name="testngpac.test" tests="1" failures="0" timestamp="6 Jun 2019 09:50:15 GMT" time="0.002" errors="0">
  <testcase name="login" time="0.002" classname="testngpac.test"/>
</testsuite> <!-- testngpac.test -->
